<?xml version="1.0" encoding="UTF-8"?>
<testng-results ignored="0" total="1" passed="1" failed="0" skipped="0">
  <reporter-output>
  </reporter-output>
  <suite started-at="2019-02-22T04:53:06Z" name="Default suite" finished-at="2019-02-22T04:53:06Z" duration-ms="69">
    <groups>
    </groups>
    <test started-at="2019-02-22T04:53:06Z" name="Default test" finished-at="2019-02-22T04:53:06Z" duration-ms="69">
      <class name="in.zipgo.mavenTest.App">
        <test-method signature="xyz()[pri:0, instance:in.zipgo.mavenTest.App@77f1baf5]" started-at="2019-02-22T10:23:06Z" name="xyz" finished-at="2019-02-22T10:23:06Z" duration-ms="31" status="PASS">
          <reporter-output>
          </reporter-output>
        </test-method> <!-- xyz -->
      </class> <!-- in.zipgo.mavenTest.App -->
    </test> <!-- Default test -->
  </suite> <!-- Default suite -->
</testng-results>
