<?xml version="1.0" encoding="UTF-8"?>
<testng-results ignored="0" total="2" passed="2" failed="0" skipped="0">
  <reporter-output>
  </reporter-output>
  <suite started-at="2019-02-25T09:28:10Z" name="Default suite" finished-at="2019-02-25T09:28:10Z" duration-ms="62">
    <groups>
    </groups>
    <test started-at="2019-02-25T09:28:10Z" name="Default test" finished-at="2019-02-25T09:28:10Z" duration-ms="62">
      <class name="in.zipgo.mavenTest.App">
        <test-method signature="xyz()[pri:0, instance:in.zipgo.mavenTest.App@6c40365c]" started-at="2019-02-25T14:58:10Z" name="xyz" finished-at="2019-02-25T14:58:10Z" duration-ms="19" status="PASS">
          <reporter-output>
          </reporter-output>
        </test-method> <!-- xyz -->
      </class> <!-- in.zipgo.mavenTest.App -->
      <class name="in.zipgo.mavenTest.SystemProperty">
        <test-method signature="xyz1()[pri:0, instance:in.zipgo.mavenTest.SystemProperty@38afe297]" started-at="2019-02-25T14:58:10Z" name="xyz1" finished-at="2019-02-25T14:58:10Z" duration-ms="3" status="PASS">
          <reporter-output>
          </reporter-output>
        </test-method> <!-- xyz1 -->
      </class> <!-- in.zipgo.mavenTest.SystemProperty -->
    </test> <!-- Default test -->
  </suite> <!-- Default suite -->
</testng-results>
